<?xml version="1.0" encoding="UTF-8" ?>
<testsuite errors="0" failures="1" hostname="192-168-7-8" name="es.upm.miw.spai.ant.test.SumaTest" tests="2" time="0.156" timestamp="2013-10-17T10:55:08">
  <properties>
[...]
</properties>
  <testcase classname="es.upm.miw.spai.ant.test.SumaTest" name="aVerSiIncrementaBien" time="0.016" />
  <testcase classname="es.upm.miw.spai.ant.test.SumaTest" name="aVerSiSumaBien" time="0.015">
    <failure message="Test suma expected:&lt;3.0&gt; but was:&lt;2.0&gt;" type="junit.framework.AssertionFailedError">junit.framework.AssertionFailedError: Test suma expected:&lt;3.0&gt; but was:&lt;2.0&gt;
	at es.upm.miw.spai.ant.test.SumaTest.aVerSiSumaBien(Unknown Source)
</failure>
  </testcase>
  <system-out><![CDATA[]]></system-out>
  <system-err><![CDATA[]]></system-err>
</testsuite>
